[START OF SIMULATION]
0x00000000:	bun 173                  	PC=0x000002B8
0x000002B8:	mov sp,32764             	SP=0x00007FFC
0x000002BC:	call -168                	PC=0x00000020,MEM[0x00007FFC]=0x000002C0
0x00000020:	mov r1,1                 	R1=0x00000001
0x00000024:	mov r10,512              	R10=0x00000200
0x00000028:	mov r20,262144           	R20=0x00040000
0x0000002C:	mov r25,1048576          	R25=0x00100000
0x00000030:	movs r2,-1               	R2=0xFFFFFFFF
0x00000034:	movs r9,42               	R9=0x0000002A
0x00000038:	movs r21,-1048576        	R21=0xFFF00000
0x0000003C:	ret                      	PC=MEM[0x00007FFC]=0x000002C0
0x000002C0:	call [r0+16]             	PC=0x00000040,MEM[0x00007FFC]=0x000002C4
0x00000040:	add r1,ir,pc             	R1=IR+PC=0x083CE840,SR=0x00000000
0x00000044:	add r25,r1,sp            	R25=R1+SP=0x083D6838,SR=0x00000000
0x00000048:	movs r2,-1               	R2=0xFFFFFFFF
0x0000004C:	addi r3,r2,1             	R3=R2+0x00000001=0x00000000,SR=0x00000041
0x00000050:	sla r0,r21,r21,10        	R0:R21=R0:R21<<11=0x0000000080000000,SR=0x00000001
0x00000054:	subi r17,r21,1           	R17=R21-0x00000001=0x7FFFFFFF,SR=0x00000008
0x00000058:	sub r23,r17,r2           	R23=R17-R2=0x80000000,SR=0x00000019
0x0000005C:	ret                      	PC=MEM[0x00007FFC]=0x000002C4
0x000002C4:	mov r11,96               	R11=0x00000060
0x000002C8:	sra r0,r11,r11,1         	R0:R11=R0:R11>>2=0x0000000000000018,SR=0x00000011
0x000002CC:	call [r11+0]             	PC=0x00000060,MEM[0x00007FFC]=0x000002D0
0x00000060:	mov r13,2097151          	R13=0x001FFFFF
0x00000064:	mov r14,2097151          	R14=0x001FFFFF
0x00000068:	mul r16,r15,r13,r14      	R16:R15=R13*R14=0x000003FFFFC00001,SR=0x00000011
0x0000006C:	sll r16,r15,r15,19       	R16:R15=R16:R15<<20=0x3FFFFC0000100000,SR=0x00000011
0x00000070:	add r18,r16,r0           	R18=R16+R0=0x3FFFFC00,SR=0x00000000
0x00000074:	movs r19,-1              	R19=0xFFFFFFFF
0x00000078:	muls r21,r20,r18,r19     	R21:R20=R18*R19=0xFFFFFFFFC0000400,SR=0x00000008
0x0000007C:	sra r21,r20,r20,27       	R21:R20=R21:R20>>28=0xFFFFFFFFFFFFFFFC,SR=0x00000008
0x00000080:	div r1,r22,r21,r20       	R1=R21%R20=0x00000003,R22=R21/R20=0x00000001,SR=0x00000009
0x00000084:	divs r1,r23,r21,r20      	R1=R21%R20=0xFFFFFFFF,R23=R21/R20=0x00000000,SR=0x00000049
0x00000088:	movs r25,-1              	R25=0xFFFFFFFF
0x0000008C:	muli r24,r25,2           	R24=R25*0x00000002=0xFFFFFFFE,SR=0x00000009
0x00000090:	muli r24,r25,-8          	R24=R25*0xFFFFFFF8=0x00000008,SR=0x00000001
0x00000094:	movs r25,-10             	R25=0xFFFFFFF6
0x00000098:	divi r24,r25,3           	R24=R25/0x00000003=0xFFFFFFFD,SR=0x00000001
0x0000009C:	modi r24,r25,3           	R24=R25%0x00000003=0xFFFFFFFF,SR=0x00000001
0x000000A0:	divi r24,r25,-6          	R24=R25/0xFFFFFFFA=0x00000001,SR=0x00000001
0x000000A4:	modi r24,r25,-6          	R24=R25%0xFFFFFFFA=0xFFFFFFFC,SR=0x00000001
0x000000A8:	div r0,r24,r24,r0        	R0=R24%R0=0x00000000,R24=R24/R0=0xFFFFFFFC,SR=0x00000021
0x000000AC:	ret                      	PC=MEM[0x00007FFC]=0x000002D0
0x000002D0:	call [r11+20]            	PC=0x000000B0,MEM[0x00007FFC]=0x000002D4
0x000000B0:	and r20,pc,ir            	R20=PC&IR=0x00000000,SR=0x00000061
0x000000B4:	or r21,ir,pc             	R21=IR|PC=0x1EBCE8B4,SR=0x00000021
0x000000B8:	not r22,ir               	R22=~IR=0xDD23FFFF,SR=0x00000031
0x000000BC:	xor r23,pc,pc            	R23=PC^PC=0x00000000,SR=0x00000061
0x000000C0:	ret                      	PC=MEM[0x00007FFC]=0x000002D4
0x000002D4:	call -133                	PC=0x000000C4,MEM[0x00007FFC]=0x000002D8
0x000000C4:	push r22,r23,r24,r25     	MEM[0x00007FF8]{0xDD23FFFF,0x00000000,0xFFFFFFFC,0xFFFFFFF6}={R22,R23,R24,R25}
0x000000C8:	l8 r22,[r0+696]          	R22=MEM[0x000002B8]=0xFC
0x000000CC:	l8 r23,[r0+697]          	R23=MEM[0x000002B9]=0x7F
0x000000D0:	l8 r24,[r0+698]          	R24=MEM[0x000002BA]=0xC0
0x000000D4:	l8 r25,[r0+699]          	R25=MEM[0x000002BB]=0x03
0x000000D8:	s8 [r0+696],r22          	MEM[0x000002B8]=R22=0xFC
0x000000DC:	s8 [r0+697],r23          	MEM[0x000002B9]=R23=0x7F
0x000000E0:	s8 [r0+698],r24          	MEM[0x000002BA]=R24=0xC0
0x000000E4:	s8 [r0+699],r25          	MEM[0x000002BB]=R25=0x03
0x000000E8:	l16 r22,[r0+348]         	R22=MEM[0x000002B8]=0x7F03
0x000000EC:	l16 r24,[r0+349]         	R24=MEM[0x000002BA]=0x03C0
[INVALID INSTRUCTION @ 0x000000F0]
[END OF SIMULATION]